{"src/contracts/BatchRequests.sol":{"l":{"15":1,"16":3,"20":2,"30":1,"31":1,"32":3,"33":3,"35":1,"47":3,"58":7,"66":0,"74":7,"82":1,"83":3,"84":1},"path":"/Users/jakecooley/Projects/foxy/src/contracts/BatchRequests.sol","s":{"1":1,"2":3,"3":2,"4":1,"5":1,"6":3,"7":3,"8":1,"9":3,"10":7,"11":0,"12":7,"13":1,"14":3},"b":{"1":[2,1],"2":[1,2]},"f":{"1":1,"2":1,"3":3,"4":7,"5":0,"6":7,"7":1},"fnMap":{"1":{"name":"sendWithdrawalRequests","line":14,"loc":{"start":{"line":14,"column":4},"end":{"line":23,"column":4}}},"2":{"name":"canBatchContracts","line":29,"loc":{"start":{"line":29,"column":4},"end":{"line":36,"column":4}}},"3":{"name":"canBatchContractByIndex","line":42,"loc":{"start":{"line":42,"column":4},"end":{"line":51,"column":4}}},"4":{"name":"getAddressByIndex","line":57,"loc":{"start":{"line":57,"column":4},"end":{"line":59,"column":4}}},"5":{"name":"getAddresses","line":65,"loc":{"start":{"line":65,"column":4},"end":{"line":67,"column":4}}},"6":{"name":"addAddress","line":73,"loc":{"start":{"line":73,"column":4},"end":{"line":75,"column":4}}},"7":{"name":"removeAddress","line":81,"loc":{"start":{"line":81,"column":4},"end":{"line":87,"column":4}}}},"statementMap":{"1":{"start":{"line":15,"column":8},"end":{"line":15,"column":412}},"2":{"start":{"line":16,"column":12},"end":{"line":16,"column":477}},"3":{"start":{"line":20,"column":16},"end":{"line":20,"column":62}},"4":{"start":{"line":30,"column":8},"end":{"line":30,"column":60}},"5":{"start":{"line":31,"column":8},"end":{"line":31,"column":940}},"6":{"start":{"line":32,"column":12},"end":{"line":32,"column":73}},"7":{"start":{"line":33,"column":12},"end":{"line":33,"column":51}},"8":{"start":{"line":35,"column":8},"end":{"line":35,"column":20}},"9":{"start":{"line":47,"column":8},"end":{"line":47,"column":1389}},"10":{"start":{"line":58,"column":8},"end":{"line":58,"column":32}},"11":{"start":{"line":66,"column":8},"end":{"line":66,"column":24}},"12":{"start":{"line":74,"column":8},"end":{"line":74,"column":31}},"13":{"start":{"line":82,"column":8},"end":{"line":82,"column":2302}},"14":{"start":{"line":83,"column":12},"end":{"line":83,"column":2367}}},"branchMap":{"1":{"line":16,"type":"if","locations":[{"start":{"line":16,"column":12},"end":{"line":16,"column":12}},{"start":{"line":16,"column":12},"end":{"line":16,"column":12}}]},"2":{"line":83,"type":"if","locations":[{"start":{"line":83,"column":12},"end":{"line":83,"column":12}},{"start":{"line":83,"column":12},"end":{"line":83,"column":12}}]}}},"src/contracts/LiquidityReserve.sol":{"l":{"23":15,"24":14,"40":188,"41":188,"42":188,"46":186,"47":186,"59":64,"60":63,"62":62,"66":62,"70":61,"73":61,"78":61,"79":61,"83":61,"92":62,"93":61,"95":61,"103":15,"104":15,"107":15,"110":15,"111":15,"114":15,"118":15,"119":15,"124":15,"137":12,"138":12,"141":12,"144":12,"147":12,"150":12,"152":12,"161":13,"163":12,"165":12,"168":12,"174":11,"175":11,"190":14,"192":14,"194":14,"196":14,"202":14,"206":14,"213":15,"214":15,"217":15,"218":14,"221":14},"path":"/Users/jakecooley/Projects/foxy/src/contracts/LiquidityReserve.sol","s":{"1":15,"2":188,"3":188,"4":188,"5":186,"6":186,"7":64,"8":63,"9":62,"10":62,"11":61,"12":61,"13":61,"14":61,"15":61,"16":62,"17":61,"18":61,"19":15,"20":15,"21":15,"22":15,"23":15,"24":15,"25":15,"26":15,"27":15,"28":12,"29":12,"30":12,"31":12,"32":12,"33":12,"34":12,"35":13,"36":12,"37":12,"38":12,"39":11,"40":11,"41":14,"42":14,"43":14,"44":14,"45":14,"46":14,"47":15,"48":15,"49":15,"50":14,"51":14,"52":13},"b":{"1":[14,1],"2":[186,2],"3":[63,1],"4":[62,1],"5":[61,1],"6":[61,1],"7":[15,0],"8":[12,1],"9":[11,1],"10":[14,0],"11":[15,0],"12":[14,1],"13":[13,1]},"f":{"1":15,"2":188,"3":64,"4":62,"5":15,"6":12,"7":13,"8":14,"9":15},"fnMap":{"1":{"name":"onlyStakingContract","line":22,"loc":{"start":{"line":22,"column":4},"end":{"line":25,"column":4}}},"2":{"name":"initialize","line":39,"loc":{"start":{"line":34,"column":4},"end":{"line":48,"column":4}}},"3":{"name":"enableLiquidityReserve","line":57,"loc":{"start":{"line":55,"column":4},"end":{"line":84,"column":4}}},"4":{"name":"setFee","line":90,"loc":{"start":{"line":90,"column":4},"end":{"line":96,"column":4}}},"5":{"name":"addLiquidity","line":102,"loc":{"start":{"line":102,"column":4},"end":{"line":125,"column":4}}},"6":{"name":"_calculateReserveTokenValue","line":132,"loc":{"start":{"line":132,"column":4},"end":{"line":153,"column":4}}},"7":{"name":"removeLiquidity","line":159,"loc":{"start":{"line":159,"column":4},"end":{"line":179,"column":4}}},"8":{"name":"instantUnstake","line":188,"loc":{"start":{"line":186,"column":4},"end":{"line":207,"column":4}}},"9":{"name":"unstakeAllRewardTokens","line":212,"loc":{"start":{"line":212,"column":4},"end":{"line":223,"column":4}}}},"statementMap":{"1":{"start":{"line":23,"column":8},"end":{"line":23,"column":69}},"2":{"start":{"line":40,"column":8},"end":{"line":40,"column":62}},"3":{"start":{"line":41,"column":8},"end":{"line":41,"column":42}},"4":{"start":{"line":42,"column":8},"end":{"line":42,"column":1482}},"5":{"start":{"line":46,"column":8},"end":{"line":46,"column":35}},"6":{"start":{"line":47,"column":8},"end":{"line":47,"column":33}},"7":{"start":{"line":59,"column":8},"end":{"line":59,"column":52}},"8":{"start":{"line":60,"column":8},"end":{"line":60,"column":65}},"9":{"start":{"line":62,"column":8},"end":{"line":62,"column":2132}},"10":{"start":{"line":66,"column":8},"end":{"line":66,"column":2295}},"11":{"start":{"line":70,"column":8},"end":{"line":70,"column":41}},"12":{"start":{"line":73,"column":8},"end":{"line":73,"column":2530}},"13":{"start":{"line":78,"column":8},"end":{"line":78,"column":46}},"14":{"start":{"line":79,"column":8},"end":{"line":79,"column":2729}},"15":{"start":{"line":83,"column":8},"end":{"line":83,"column":30}},"16":{"start":{"line":92,"column":8},"end":{"line":92,"column":52}},"17":{"start":{"line":93,"column":8},"end":{"line":93,"column":17}},"18":{"start":{"line":95,"column":8},"end":{"line":95,"column":29}},"19":{"start":{"line":103,"column":8},"end":{"line":103,"column":51}},"20":{"start":{"line":104,"column":8},"end":{"line":104,"column":3512}},"21":{"start":{"line":107,"column":8},"end":{"line":107,"column":3630}},"22":{"start":{"line":110,"column":8},"end":{"line":110,"column":43}},"23":{"start":{"line":111,"column":8},"end":{"line":111,"column":3801}},"24":{"start":{"line":114,"column":8},"end":{"line":114,"column":3929}},"25":{"start":{"line":118,"column":8},"end":{"line":118,"column":73}},"26":{"start":{"line":119,"column":8},"end":{"line":119,"column":4105}},"27":{"start":{"line":124,"column":8},"end":{"line":124,"column":38}},"28":{"start":{"line":137,"column":8},"end":{"line":137,"column":43}},"29":{"start":{"line":138,"column":8},"end":{"line":138,"column":4687}},"30":{"start":{"line":141,"column":8},"end":{"line":141,"column":4805}},"31":{"start":{"line":144,"column":8},"end":{"line":144,"column":4931}},"32":{"start":{"line":147,"column":8},"end":{"line":147,"column":5059}},"33":{"start":{"line":150,"column":8},"end":{"line":150,"column":76}},"34":{"start":{"line":152,"column":8},"end":{"line":152,"column":30}},"35":{"start":{"line":161,"column":8},"end":{"line":161,"column":72}},"36":{"start":{"line":163,"column":8},"end":{"line":163,"column":61}},"37":{"start":{"line":165,"column":8},"end":{"line":165,"column":71}},"38":{"start":{"line":168,"column":8},"end":{"line":168,"column":5879}},"39":{"start":{"line":174,"column":8},"end":{"line":174,"column":33}},"40":{"start":{"line":175,"column":8},"end":{"line":175,"column":6081}},"41":{"start":{"line":190,"column":8},"end":{"line":190,"column":51}},"42":{"start":{"line":192,"column":8},"end":{"line":192,"column":61}},"43":{"start":{"line":194,"column":8},"end":{"line":194,"column":75}},"44":{"start":{"line":196,"column":8},"end":{"line":196,"column":6829}},"45":{"start":{"line":202,"column":8},"end":{"line":202,"column":6969}},"46":{"start":{"line":206,"column":8},"end":{"line":206,"column":31}},"47":{"start":{"line":213,"column":8},"end":{"line":213,"column":51}},"48":{"start":{"line":214,"column":8},"end":{"line":214,"column":7351}},"49":{"start":{"line":217,"column":8},"end":{"line":217,"column":7461}},"50":{"start":{"line":218,"column":12},"end":{"line":218,"column":7505}},"51":{"start":{"line":221,"column":12},"end":{"line":221,"column":76}},"52":{"start":{"line":221,"column":28},"end":{"line":221,"column":75}}},"branchMap":{"1":{"line":23,"type":"if","locations":[{"start":{"line":23,"column":8},"end":{"line":23,"column":8}},{"start":{"line":23,"column":8},"end":{"line":23,"column":8}}]},"2":{"line":42,"type":"if","locations":[{"start":{"line":42,"column":8},"end":{"line":42,"column":8}},{"start":{"line":42,"column":8},"end":{"line":42,"column":8}}]},"3":{"line":59,"type":"if","locations":[{"start":{"line":59,"column":8},"end":{"line":59,"column":8}},{"start":{"line":59,"column":8},"end":{"line":59,"column":8}}]},"4":{"line":60,"type":"if","locations":[{"start":{"line":60,"column":8},"end":{"line":60,"column":8}},{"start":{"line":60,"column":8},"end":{"line":60,"column":8}}]},"5":{"line":66,"type":"if","locations":[{"start":{"line":66,"column":8},"end":{"line":66,"column":8}},{"start":{"line":66,"column":8},"end":{"line":66,"column":8}}]},"6":{"line":92,"type":"if","locations":[{"start":{"line":92,"column":8},"end":{"line":92,"column":8}},{"start":{"line":92,"column":8},"end":{"line":92,"column":8}}]},"7":{"line":103,"type":"if","locations":[{"start":{"line":103,"column":8},"end":{"line":103,"column":8}},{"start":{"line":103,"column":8},"end":{"line":103,"column":8}}]},"8":{"line":161,"type":"if","locations":[{"start":{"line":161,"column":8},"end":{"line":161,"column":8}},{"start":{"line":161,"column":8},"end":{"line":161,"column":8}}]},"9":{"line":168,"type":"if","locations":[{"start":{"line":168,"column":8},"end":{"line":168,"column":8}},{"start":{"line":168,"column":8},"end":{"line":168,"column":8}}]},"10":{"line":190,"type":"if","locations":[{"start":{"line":190,"column":8},"end":{"line":190,"column":8}},{"start":{"line":190,"column":8},"end":{"line":190,"column":8}}]},"11":{"line":213,"type":"if","locations":[{"start":{"line":213,"column":8},"end":{"line":213,"column":8}},{"start":{"line":213,"column":8},"end":{"line":213,"column":8}}]},"12":{"line":217,"type":"if","locations":[{"start":{"line":217,"column":8},"end":{"line":217,"column":8}},{"start":{"line":217,"column":8},"end":{"line":217,"column":8}}]},"13":{"line":221,"type":"if","locations":[{"start":{"line":221,"column":12},"end":{"line":221,"column":12}},{"start":{"line":221,"column":12},"end":{"line":221,"column":12}}]}}},"src/contracts/LiquidityReserveStorage.sol":{"l":{},"path":"/Users/jakecooley/Projects/foxy/src/contracts/LiquidityReserveStorage.sol","s":{},"b":{},"f":{},"fnMap":{},"statementMap":{},"branchMap":{}},"src/contracts/Migration.sol":{"l":{"19":35,"24":33,"25":33,"27":33,"28":33,"30":33,"31":33,"40":9,"44":9,"50":9,"52":8},"path":"/Users/jakecooley/Projects/foxy/src/contracts/Migration.sol","s":{"1":35,"2":33,"3":33,"4":33,"5":33,"6":33,"7":33,"8":9,"9":9,"10":9,"11":8},"b":{"1":[33,2]},"f":{"1":35,"2":9},"fnMap":{"1":{"name":"constructor","line":17,"loc":{"start":{"line":17,"column":4},"end":{"line":32,"column":4}}},"2":{"name":"moveFundsToUpgradedContract","line":39,"loc":{"start":{"line":39,"column":4},"end":{"line":53,"column":4}}}},"statementMap":{"1":{"start":{"line":19,"column":8},"end":{"line":19,"column":642}},"2":{"start":{"line":24,"column":8},"end":{"line":24,"column":34}},"3":{"start":{"line":25,"column":8},"end":{"line":25,"column":34}},"4":{"start":{"line":27,"column":8},"end":{"line":27,"column":63}},"5":{"start":{"line":28,"column":8},"end":{"line":28,"column":69}},"6":{"start":{"line":30,"column":8},"end":{"line":30,"column":78}},"7":{"start":{"line":31,"column":8},"end":{"line":31,"column":79}},"8":{"start":{"line":40,"column":8},"end":{"line":40,"column":1420}},"9":{"start":{"line":44,"column":8},"end":{"line":44,"column":1532}},"10":{"start":{"line":50,"column":8},"end":{"line":50,"column":51}},"11":{"start":{"line":52,"column":8},"end":{"line":52,"column":66}}},"branchMap":{"1":{"line":19,"type":"if","locations":[{"start":{"line":19,"column":8},"end":{"line":19,"column":8}},{"start":{"line":19,"column":8},"end":{"line":19,"column":8}}]}}},"src/contracts/Staking.sol":{"l":{"52":199,"55":199,"65":198,"66":198,"67":198,"68":198,"69":198,"70":198,"71":198,"72":198,"73":198,"74":198,"75":198,"77":198,"81":198,"82":198,"85":198,"86":198,"88":198,"89":147,"90":147,"93":198,"94":198,"98":198,"102":198,"104":198,"128":2,"130":1,"131":1,"132":0,"140":1,"141":1,"143":1,"145":1,"159":2,"160":1,"163":1,"174":0,"175":0,"184":1,"185":1,"194":1,"195":1,"204":6,"205":6,"214":2,"215":2,"224":1,"225":1,"234":1,"235":1,"243":11,"244":11,"252":6,"253":6,"266":1,"280":108,"281":108,"294":103,"295":103,"296":103,"297":103,"299":103,"300":103,"314":59,"315":59,"316":59,"318":59,"320":59,"324":24,"325":24,"326":24,"336":42,"337":42,"340":42,"342":42,"350":84,"351":84,"359":37,"360":37,"370":174,"371":174,"372":174,"373":174,"374":174,"376":174,"387":4,"388":4,"392":4,"393":4,"394":4,"402":165,"404":40,"407":40,"408":40,"409":38,"412":40,"413":40,"424":81,"426":79,"428":78,"432":78,"433":26,"436":78,"442":77,"445":77,"446":2,"449":77,"452":77,"453":57,"456":20,"463":20,"469":77,"477":73,"486":31,"487":31,"488":8,"490":8,"504":103,"505":103,"507":103,"509":19,"511":19,"515":19,"520":19,"524":19,"536":72,"537":72,"540":72,"545":72,"550":70,"551":70,"553":11,"555":8,"559":8,"563":8,"566":3,"567":3,"568":3,"570":3,"573":3,"581":70,"583":62,"597":19,"599":17,"604":15,"605":15,"607":14,"611":14,"613":14,"629":2,"630":2,"636":2,"641":2,"642":2,"644":2,"658":147,"659":147,"660":147,"661":147,"662":147,"664":147,"665":147,"667":0,"669":147,"671":147,"672":147,"674":147,"688":2,"701":56,"702":55,"703":3,"705":55,"707":54,"710":54,"712":54,"719":54,"720":54,"722":54,"733":86,"734":37,"736":37,"737":37,"738":37,"740":37,"741":37,"743":37,"744":29,"746":8,"758":37,"759":37,"771":9,"778":7,"780":7,"781":7,"783":7,"784":4,"793":0},"path":"/Users/jakecooley/Projects/foxy/src/contracts/Staking.sol","s":{"1":199,"2":199,"3":198,"4":198,"5":198,"6":198,"7":198,"8":198,"9":198,"10":198,"11":198,"12":198,"13":198,"14":198,"15":198,"16":198,"17":198,"18":198,"19":198,"20":147,"21":147,"22":198,"23":198,"24":198,"25":198,"26":198,"27":2,"28":1,"29":1,"30":0,"31":1,"32":1,"33":1,"34":1,"35":2,"36":1,"37":1,"38":0,"39":0,"40":1,"41":1,"42":1,"43":1,"44":6,"45":6,"46":2,"47":2,"48":1,"49":1,"50":1,"51":1,"52":11,"53":11,"54":6,"55":6,"56":1,"57":108,"58":108,"59":103,"60":103,"61":103,"62":103,"63":103,"64":103,"65":59,"66":59,"67":59,"68":59,"69":59,"70":24,"71":24,"72":24,"73":42,"74":42,"75":42,"76":42,"77":41,"78":84,"79":84,"80":37,"81":37,"82":174,"83":174,"84":174,"85":174,"86":174,"87":174,"88":4,"89":4,"90":4,"91":4,"92":4,"93":165,"94":40,"95":40,"96":40,"97":38,"98":40,"99":40,"100":81,"101":79,"102":78,"103":78,"104":26,"105":78,"106":77,"107":77,"108":2,"109":77,"110":77,"111":57,"112":20,"113":20,"114":77,"115":73,"116":31,"117":31,"118":8,"119":103,"120":103,"121":103,"122":19,"123":19,"124":19,"125":19,"126":72,"127":72,"128":72,"129":72,"130":70,"131":70,"132":11,"133":8,"134":3,"135":3,"136":3,"137":3,"138":3,"139":70,"140":62,"141":19,"142":17,"143":15,"144":15,"145":14,"146":14,"147":14,"148":2,"149":2,"150":2,"151":2,"152":2,"153":2,"154":147,"155":147,"156":147,"157":147,"158":147,"159":147,"160":147,"161":0,"162":0,"163":147,"164":147,"165":147,"166":147,"167":2,"168":56,"169":55,"170":3,"171":55,"172":54,"173":54,"174":54,"175":54,"176":54,"177":54,"178":86,"179":37,"180":37,"181":37,"182":37,"183":37,"184":37,"185":29,"186":8,"187":37,"188":37,"189":9,"190":7,"191":7,"192":7,"193":7,"194":4,"195":0},"b":{"1":[198,1],"2":[147,51],"3":[1,1],"4":[1,0],"5":[1,1],"6":[24,35],"7":[41,1],"8":[40,125],"9":[38,2],"10":[79,2],"11":[78,1],"12":[26,52],"13":[2,75],"14":[57,20],"15":[8,23],"16":[19,84],"17":[70,2],"18":[11,59],"19":[8,3],"20":[62,8],"21":[17,2],"22":[15,2],"23":[14,0],"24":[2,0],"25":[2,0],"26":[2,0],"27":[147,0],"28":[147,0],"29":[0,0],"30":[147,0],"31":[55,1],"32":[3,52],"33":[37,49],"34":[29,8],"35":[4,3]},"f":{"1":199,"2":2,"3":1,"4":2,"5":0,"6":1,"7":1,"8":6,"9":2,"10":1,"11":1,"12":11,"13":6,"14":1,"15":108,"16":103,"17":59,"18":42,"19":84,"20":37,"21":174,"22":4,"23":165,"24":81,"25":73,"26":31,"27":103,"28":72,"29":19,"30":2,"31":147,"32":2,"33":56,"34":86,"35":37,"36":9,"37":0},"fnMap":{"1":{"name":"initialize","line":51,"loc":{"start":{"line":39,"column":4},"end":{"line":111,"column":4}}},"2":{"name":"claimFromTokemak","line":121,"loc":{"start":{"line":121,"column":4},"end":{"line":133,"column":4}}},"3":{"name":"_sendAffiliateFee","line":139,"loc":{"start":{"line":139,"column":4},"end":{"line":150,"column":4}}},"4":{"name":"transferToke","line":157,"loc":{"start":{"line":157,"column":4},"end":{"line":167,"column":4}}},"5":{"name":"setCurvePool","line":173,"loc":{"start":{"line":173,"column":4},"end":{"line":176,"column":4}}},"6":{"name":"setAffiliateFee","line":183,"loc":{"start":{"line":183,"column":4},"end":{"line":186,"column":4}}},"7":{"name":"setAffiliateAddress","line":193,"loc":{"start":{"line":193,"column":4},"end":{"line":196,"column":4}}},"8":{"name":"shouldPauseStaking","line":203,"loc":{"start":{"line":203,"column":4},"end":{"line":206,"column":4}}},"9":{"name":"shouldPauseUnstaking","line":213,"loc":{"start":{"line":213,"column":4},"end":{"line":216,"column":4}}},"10":{"name":"shouldPauseInstantUnstaking","line":223,"loc":{"start":{"line":223,"column":4},"end":{"line":226,"column":4}}},"11":{"name":"setEpochDuration","line":233,"loc":{"start":{"line":233,"column":4},"end":{"line":236,"column":4}}},"12":{"name":"setWarmUpPeriod","line":242,"loc":{"start":{"line":242,"column":4},"end":{"line":245,"column":4}}},"13":{"name":"setCoolDownPeriod","line":251,"loc":{"start":{"line":251,"column":4},"end":{"line":254,"column":4}}},"14":{"name":"setTimeLeftToRequestWithdrawal","line":264,"loc":{"start":{"line":262,"column":4},"end":{"line":267,"column":4}}},"15":{"name":"_isClaimAvailable","line":275,"loc":{"start":{"line":275,"column":4},"end":{"line":282,"column":4}}},"16":{"name":"_isClaimWithdrawAvailable","line":290,"loc":{"start":{"line":290,"column":4},"end":{"line":307,"column":4}}},"17":{"name":"_withdrawFromTokemak","line":313,"loc":{"start":{"line":313,"column":4},"end":{"line":328,"column":4}}},"18":{"name":"_requestWithdrawalFromTokemak","line":335,"loc":{"start":{"line":335,"column":4},"end":{"line":343,"column":4}}},"19":{"name":"_depositToTokemak","line":349,"loc":{"start":{"line":349,"column":4},"end":{"line":352,"column":4}}},"20":{"name":"_getTokemakBalance","line":358,"loc":{"start":{"line":358,"column":4},"end":{"line":361,"column":4}}},"21":{"name":"canBatchTransactions","line":369,"loc":{"start":{"line":369,"column":4},"end":{"line":380,"column":4}}},"22":{"name":"unstakeAllFromTokemak","line":386,"loc":{"start":{"line":386,"column":4},"end":{"line":395,"column":4}}},"23":{"name":"sendWithdrawalRequests","line":400,"loc":{"start":{"line":400,"column":4},"end":{"line":415,"column":4}}},"24":{"name":"stake","line":422,"loc":{"start":{"line":422,"column":4},"end":{"line":470,"column":4}}},"25":{"name":"stake","line":476,"loc":{"start":{"line":476,"column":4},"end":{"line":478,"column":4}}},"26":{"name":"claim","line":485,"loc":{"start":{"line":485,"column":4},"end":{"line":495,"column":4}}},"27":{"name":"claimWithdraw","line":503,"loc":{"start":{"line":503,"column":4},"end":{"line":526,"column":4}}},"28":{"name":"_retrieveBalanceFromUser","line":535,"loc":{"start":{"line":535,"column":4},"end":{"line":589,"column":4}}},"29":{"name":"instantUnstakeReserve","line":596,"loc":{"start":{"line":596,"column":4},"end":{"line":617,"column":4}}},"30":{"name":"instantUnstakeCurve","line":625,"loc":{"start":{"line":625,"column":4},"end":{"line":652,"column":4}}},"31":{"name":"setToAndFromCurve","line":657,"loc":{"start":{"line":657,"column":4},"end":{"line":676,"column":4}}},"32":{"name":"estimateInstantCurve","line":683,"loc":{"start":{"line":683,"column":4},"end":{"line":690,"column":4}}},"33":{"name":"unstake","line":699,"loc":{"start":{"line":699,"column":4},"end":{"line":726,"column":4}}},"34":{"name":"rebase","line":731,"loc":{"start":{"line":731,"column":4},"end":{"line":749,"column":4}}},"35":{"name":"contractBalance","line":757,"loc":{"start":{"line":757,"column":4},"end":{"line":762,"column":4}}},"36":{"name":"addRewardsForStakers","line":770,"loc":{"start":{"line":770,"column":4},"end":{"line":786,"column":4}}},"37":{"name":"preSign","line":792,"loc":{"start":{"line":792,"column":4},"end":{"line":794,"column":4}}}},"statementMap":{"1":{"start":{"line":52,"column":8},"end":{"line":52,"column":42}},"2":{"start":{"line":55,"column":8},"end":{"line":55,"column":2098}},"3":{"start":{"line":65,"column":8},"end":{"line":65,"column":36}},"4":{"start":{"line":66,"column":8},"end":{"line":66,"column":34}},"5":{"start":{"line":67,"column":8},"end":{"line":67,"column":30}},"6":{"start":{"line":68,"column":8},"end":{"line":68,"column":28}},"7":{"start":{"line":69,"column":8},"end":{"line":69,"column":34}},"8":{"start":{"line":70,"column":8},"end":{"line":70,"column":32}},"9":{"start":{"line":71,"column":8},"end":{"line":71,"column":44}},"10":{"start":{"line":72,"column":8},"end":{"line":72,"column":43}},"11":{"start":{"line":73,"column":8},"end":{"line":73,"column":30}},"12":{"start":{"line":74,"column":8},"end":{"line":74,"column":66}},"13":{"start":{"line":75,"column":8},"end":{"line":75,"column":63}},"14":{"start":{"line":77,"column":8},"end":{"line":77,"column":42}},"15":{"start":{"line":81,"column":8},"end":{"line":81,"column":65}},"16":{"start":{"line":82,"column":8},"end":{"line":82,"column":41}},"17":{"start":{"line":85,"column":8},"end":{"line":85,"column":67}},"18":{"start":{"line":86,"column":8},"end":{"line":86,"column":45}},"19":{"start":{"line":88,"column":8},"end":{"line":88,"column":3542}},"20":{"start":{"line":89,"column":12},"end":{"line":89,"column":67}},"21":{"start":{"line":90,"column":12},"end":{"line":90,"column":30}},"22":{"start":{"line":93,"column":8},"end":{"line":93,"column":66}},"23":{"start":{"line":94,"column":8},"end":{"line":94,"column":3765}},"24":{"start":{"line":98,"column":8},"end":{"line":98,"column":3886}},"25":{"start":{"line":102,"column":8},"end":{"line":102,"column":76}},"26":{"start":{"line":104,"column":8},"end":{"line":104,"column":4088}},"27":{"start":{"line":128,"column":8},"end":{"line":128,"column":64}},"28":{"start":{"line":130,"column":8},"end":{"line":130,"column":65}},"29":{"start":{"line":131,"column":8},"end":{"line":131,"column":55}},"30":{"start":{"line":132,"column":8},"end":{"line":132,"column":43}},"31":{"start":{"line":140,"column":8},"end":{"line":140,"column":5387}},"32":{"start":{"line":141,"column":12},"end":{"line":141,"column":5508}},"33":{"start":{"line":143,"column":12},"end":{"line":143,"column":56}},"34":{"start":{"line":145,"column":12},"end":{"line":145,"column":5628}},"35":{"start":{"line":159,"column":8},"end":{"line":159,"column":62}},"36":{"start":{"line":160,"column":8},"end":{"line":160,"column":6175}},"37":{"start":{"line":163,"column":8},"end":{"line":163,"column":6286}},"38":{"start":{"line":174,"column":8},"end":{"line":174,"column":30}},"39":{"start":{"line":175,"column":8},"end":{"line":175,"column":26}},"40":{"start":{"line":184,"column":8},"end":{"line":184,"column":35}},"41":{"start":{"line":185,"column":8},"end":{"line":185,"column":60}},"42":{"start":{"line":194,"column":8},"end":{"line":194,"column":44}},"43":{"start":{"line":195,"column":8},"end":{"line":195,"column":68}},"44":{"start":{"line":204,"column":8},"end":{"line":204,"column":37}},"45":{"start":{"line":205,"column":8},"end":{"line":205,"column":59}},"46":{"start":{"line":214,"column":8},"end":{"line":214,"column":39}},"47":{"start":{"line":215,"column":8},"end":{"line":215,"column":61}},"48":{"start":{"line":224,"column":8},"end":{"line":224,"column":46}},"49":{"start":{"line":225,"column":8},"end":{"line":225,"column":68}},"50":{"start":{"line":234,"column":8},"end":{"line":234,"column":32}},"51":{"start":{"line":235,"column":8},"end":{"line":235,"column":56}},"52":{"start":{"line":243,"column":8},"end":{"line":243,"column":36}},"53":{"start":{"line":244,"column":8},"end":{"line":244,"column":61}},"54":{"start":{"line":252,"column":8},"end":{"line":252,"column":38}},"55":{"start":{"line":253,"column":8},"end":{"line":253,"column":63}},"56":{"start":{"line":266,"column":8},"end":{"line":266,"column":47}},"57":{"start":{"line":280,"column":8},"end":{"line":280,"column":50}},"58":{"start":{"line":281,"column":8},"end":{"line":281,"column":62}},"59":{"start":{"line":294,"column":8},"end":{"line":294,"column":52}},"60":{"start":{"line":295,"column":8},"end":{"line":295,"column":61}},"61":{"start":{"line":296,"column":8},"end":{"line":296,"column":57}},"62":{"start":{"line":297,"column":8},"end":{"line":297,"column":11019}},"63":{"start":{"line":299,"column":8},"end":{"line":299,"column":70}},"64":{"start":{"line":300,"column":8},"end":{"line":300,"column":11236}},"65":{"start":{"line":314,"column":8},"end":{"line":314,"column":57}},"66":{"start":{"line":315,"column":8},"end":{"line":315,"column":61}},"67":{"start":{"line":316,"column":8},"end":{"line":316,"column":11890}},"68":{"start":{"line":318,"column":8},"end":{"line":318,"column":70}},"69":{"start":{"line":320,"column":8},"end":{"line":320,"column":12052}},"70":{"start":{"line":324,"column":12},"end":{"line":324,"column":65}},"71":{"start":{"line":325,"column":12},"end":{"line":325,"column":65}},"72":{"start":{"line":326,"column":12},"end":{"line":326,"column":58}},"73":{"start":{"line":336,"column":8},"end":{"line":336,"column":57}},"74":{"start":{"line":337,"column":8},"end":{"line":337,"column":71}},"75":{"start":{"line":340,"column":8},"end":{"line":340,"column":71}},"76":{"start":{"line":342,"column":8},"end":{"line":342,"column":76}},"77":{"start":{"line":342,"column":33},"end":{"line":342,"column":75}},"78":{"start":{"line":350,"column":8},"end":{"line":350,"column":57}},"79":{"start":{"line":351,"column":8},"end":{"line":351,"column":40}},"80":{"start":{"line":359,"column":8},"end":{"line":359,"column":57}},"81":{"start":{"line":360,"column":8},"end":{"line":360,"column":56}},"82":{"start":{"line":370,"column":8},"end":{"line":370,"column":61}},"83":{"start":{"line":371,"column":8},"end":{"line":371,"column":57}},"84":{"start":{"line":372,"column":8},"end":{"line":372,"column":65}},"85":{"start":{"line":373,"column":8},"end":{"line":373,"column":70}},"86":{"start":{"line":374,"column":8},"end":{"line":374,"column":61}},"87":{"start":{"line":376,"column":8},"end":{"line":376,"column":14495}},"88":{"start":{"line":387,"column":8},"end":{"line":387,"column":57}},"89":{"start":{"line":388,"column":8},"end":{"line":388,"column":15030}},"90":{"start":{"line":392,"column":8},"end":{"line":392,"column":31}},"91":{"start":{"line":393,"column":8},"end":{"line":393,"column":48}},"92":{"start":{"line":394,"column":8},"end":{"line":394,"column":53}},"93":{"start":{"line":402,"column":8},"end":{"line":402,"column":15588}},"94":{"start":{"line":404,"column":12},"end":{"line":404,"column":33}},"95":{"start":{"line":407,"column":12},"end":{"line":407,"column":65}},"96":{"start":{"line":408,"column":12},"end":{"line":408,"column":15912}},"97":{"start":{"line":409,"column":16},"end":{"line":409,"column":69}},"98":{"start":{"line":412,"column":12},"end":{"line":412,"column":74}},"99":{"start":{"line":413,"column":12},"end":{"line":413,"column":49}},"100":{"start":{"line":424,"column":8},"end":{"line":424,"column":53}},"101":{"start":{"line":426,"column":8},"end":{"line":426,"column":53}},"102":{"start":{"line":428,"column":8},"end":{"line":428,"column":16615}},"103":{"start":{"line":432,"column":8},"end":{"line":432,"column":16781}},"104":{"start":{"line":433,"column":12},"end":{"line":433,"column":19}},"105":{"start":{"line":436,"column":8},"end":{"line":436,"column":16851}},"106":{"start":{"line":442,"column":8},"end":{"line":442,"column":51}},"107":{"start":{"line":445,"column":8},"end":{"line":445,"column":17103}},"108":{"start":{"line":446,"column":12},"end":{"line":446,"column":28}},"109":{"start":{"line":449,"column":8},"end":{"line":449,"column":33}},"110":{"start":{"line":452,"column":8},"end":{"line":452,"column":17284}},"111":{"start":{"line":453,"column":12},"end":{"line":453,"column":76}},"112":{"start":{"line":456,"column":12},"end":{"line":456,"column":17491}},"113":{"start":{"line":463,"column":12},"end":{"line":463,"column":17757}},"114":{"start":{"line":469,"column":8},"end":{"line":469,"column":31}},"115":{"start":{"line":477,"column":8},"end":{"line":477,"column":33}},"116":{"start":{"line":486,"column":8},"end":{"line":486,"column":50}},"117":{"start":{"line":487,"column":8},"end":{"line":487,"column":18403}},"118":{"start":{"line":490,"column":12},"end":{"line":490,"column":18500}},"119":{"start":{"line":504,"column":8},"end":{"line":504,"column":52}},"120":{"start":{"line":505,"column":8},"end":{"line":505,"column":19084}},"121":{"start":{"line":507,"column":8},"end":{"line":507,"column":19167}},"122":{"start":{"line":509,"column":12},"end":{"line":509,"column":33}},"123":{"start":{"line":515,"column":12},"end":{"line":515,"column":19574}},"124":{"start":{"line":520,"column":12},"end":{"line":520,"column":19705}},"125":{"start":{"line":524,"column":12},"end":{"line":524,"column":42}},"126":{"start":{"line":536,"column":8},"end":{"line":536,"column":53}},"127":{"start":{"line":537,"column":8},"end":{"line":537,"column":20425}},"128":{"start":{"line":540,"column":8},"end":{"line":540,"column":20529}},"129":{"start":{"line":545,"column":8},"end":{"line":545,"column":20705}},"130":{"start":{"line":550,"column":8},"end":{"line":550,"column":36}},"131":{"start":{"line":551,"column":8},"end":{"line":551,"column":20861}},"132":{"start":{"line":553,"column":12},"end":{"line":553,"column":20943}},"133":{"start":{"line":559,"column":16},"end":{"line":559,"column":21140}},"134":{"start":{"line":566,"column":16},"end":{"line":566,"column":29}},"135":{"start":{"line":567,"column":16},"end":{"line":567,"column":74}},"136":{"start":{"line":568,"column":16},"end":{"line":568,"column":21559}},"137":{"start":{"line":570,"column":16},"end":{"line":570,"column":21683}},"138":{"start":{"line":573,"column":16},"end":{"line":573,"column":21772}},"139":{"start":{"line":581,"column":8},"end":{"line":581,"column":21984}},"140":{"start":{"line":583,"column":12},"end":{"line":583,"column":22079}},"141":{"start":{"line":597,"column":8},"end":{"line":597,"column":45}},"142":{"start":{"line":599,"column":8},"end":{"line":599,"column":22700}},"143":{"start":{"line":604,"column":8},"end":{"line":604,"column":15}},"144":{"start":{"line":605,"column":8},"end":{"line":605,"column":52}},"145":{"start":{"line":607,"column":8},"end":{"line":607,"column":22899}},"146":{"start":{"line":611,"column":8},"end":{"line":611,"column":72}},"147":{"start":{"line":613,"column":8},"end":{"line":613,"column":23093}},"148":{"start":{"line":629,"column":8},"end":{"line":629,"column":45}},"149":{"start":{"line":630,"column":8},"end":{"line":630,"column":23618}},"150":{"start":{"line":636,"column":8},"end":{"line":636,"column":23841}},"151":{"start":{"line":641,"column":8},"end":{"line":641,"column":15}},"152":{"start":{"line":642,"column":8},"end":{"line":642,"column":52}},"153":{"start":{"line":644,"column":8},"end":{"line":644,"column":24044}},"154":{"start":{"line":658,"column":8},"end":{"line":658,"column":24386}},"155":{"start":{"line":659,"column":12},"end":{"line":659,"column":62}},"156":{"start":{"line":660,"column":12},"end":{"line":660,"column":62}},"157":{"start":{"line":661,"column":12},"end":{"line":661,"column":27}},"158":{"start":{"line":662,"column":12},"end":{"line":662,"column":25}},"159":{"start":{"line":664,"column":12},"end":{"line":664,"column":24619}},"160":{"start":{"line":665,"column":16},"end":{"line":665,"column":21}},"161":{"start":{"line":666,"column":19},"end":{"line":666,"column":24720}},"162":{"start":{"line":667,"column":16},"end":{"line":667,"column":23}},"163":{"start":{"line":669,"column":12},"end":{"line":669,"column":62}},"164":{"start":{"line":671,"column":12},"end":{"line":671,"column":31}},"165":{"start":{"line":672,"column":12},"end":{"line":672,"column":27}},"166":{"start":{"line":674,"column":12},"end":{"line":674,"column":72}},"167":{"start":{"line":688,"column":8},"end":{"line":688,"column":25415}},"168":{"start":{"line":701,"column":8},"end":{"line":701,"column":57}},"169":{"start":{"line":702,"column":8},"end":{"line":702,"column":26095}},"170":{"start":{"line":703,"column":12},"end":{"line":703,"column":19}},"171":{"start":{"line":705,"column":8},"end":{"line":705,"column":52}},"172":{"start":{"line":707,"column":8},"end":{"line":707,"column":61}},"173":{"start":{"line":710,"column":8},"end":{"line":710,"column":32}},"174":{"start":{"line":712,"column":8},"end":{"line":712,"column":26413}},"175":{"start":{"line":719,"column":8},"end":{"line":719,"column":41}},"176":{"start":{"line":720,"column":8},"end":{"line":720,"column":31}},"177":{"start":{"line":722,"column":8},"end":{"line":722,"column":26754}},"178":{"start":{"line":733,"column":8},"end":{"line":733,"column":27082}},"179":{"start":{"line":734,"column":12},"end":{"line":734,"column":76}},"180":{"start":{"line":736,"column":12},"end":{"line":736,"column":57}},"181":{"start":{"line":737,"column":12},"end":{"line":737,"column":44}},"182":{"start":{"line":740,"column":12},"end":{"line":740,"column":47}},"183":{"start":{"line":741,"column":12},"end":{"line":741,"column":75}},"184":{"start":{"line":743,"column":12},"end":{"line":743,"column":27481}},"185":{"start":{"line":744,"column":16},"end":{"line":744,"column":35}},"186":{"start":{"line":746,"column":16},"end":{"line":746,"column":50}},"187":{"start":{"line":758,"column":8},"end":{"line":758,"column":50}},"188":{"start":{"line":759,"column":8},"end":{"line":759,"column":28088}},"189":{"start":{"line":771,"column":8},"end":{"line":771,"column":28577}},"190":{"start":{"line":778,"column":8},"end":{"line":778,"column":28853}},"191":{"start":{"line":780,"column":8},"end":{"line":780,"column":72}},"192":{"start":{"line":781,"column":8},"end":{"line":781,"column":41}},"193":{"start":{"line":783,"column":8},"end":{"line":783,"column":29053}},"194":{"start":{"line":784,"column":12},"end":{"line":784,"column":19}},"195":{"start":{"line":793,"column":8},"end":{"line":793,"column":69}}},"branchMap":{"1":{"line":55,"type":"if","locations":[{"start":{"line":55,"column":8},"end":{"line":55,"column":8}},{"start":{"line":55,"column":8},"end":{"line":55,"column":8}}]},"2":{"line":88,"type":"if","locations":[{"start":{"line":88,"column":8},"end":{"line":88,"column":8}},{"start":{"line":88,"column":8},"end":{"line":88,"column":8}}]},"3":{"line":128,"type":"if","locations":[{"start":{"line":128,"column":8},"end":{"line":128,"column":8}},{"start":{"line":128,"column":8},"end":{"line":128,"column":8}}]},"4":{"line":140,"type":"if","locations":[{"start":{"line":140,"column":8},"end":{"line":140,"column":8}},{"start":{"line":140,"column":8},"end":{"line":140,"column":8}}]},"5":{"line":159,"type":"if","locations":[{"start":{"line":159,"column":8},"end":{"line":159,"column":8}},{"start":{"line":159,"column":8},"end":{"line":159,"column":8}}]},"6":{"line":320,"type":"if","locations":[{"start":{"line":320,"column":8},"end":{"line":320,"column":8}},{"start":{"line":320,"column":8},"end":{"line":320,"column":8}}]},"7":{"line":342,"type":"if","locations":[{"start":{"line":342,"column":8},"end":{"line":342,"column":8}},{"start":{"line":342,"column":8},"end":{"line":342,"column":8}}]},"8":{"line":402,"type":"if","locations":[{"start":{"line":402,"column":8},"end":{"line":402,"column":8}},{"start":{"line":402,"column":8},"end":{"line":402,"column":8}}]},"9":{"line":408,"type":"if","locations":[{"start":{"line":408,"column":12},"end":{"line":408,"column":12}},{"start":{"line":408,"column":12},"end":{"line":408,"column":12}}]},"10":{"line":424,"type":"if","locations":[{"start":{"line":424,"column":8},"end":{"line":424,"column":8}},{"start":{"line":424,"column":8},"end":{"line":424,"column":8}}]},"11":{"line":426,"type":"if","locations":[{"start":{"line":426,"column":8},"end":{"line":426,"column":8}},{"start":{"line":426,"column":8},"end":{"line":426,"column":8}}]},"12":{"line":432,"type":"if","locations":[{"start":{"line":432,"column":8},"end":{"line":432,"column":8}},{"start":{"line":432,"column":8},"end":{"line":432,"column":8}}]},"13":{"line":445,"type":"if","locations":[{"start":{"line":445,"column":8},"end":{"line":445,"column":8}},{"start":{"line":445,"column":8},"end":{"line":445,"column":8}}]},"14":{"line":452,"type":"if","locations":[{"start":{"line":452,"column":8},"end":{"line":452,"column":8}},{"start":{"line":452,"column":8},"end":{"line":452,"column":8}}]},"15":{"line":487,"type":"if","locations":[{"start":{"line":487,"column":8},"end":{"line":487,"column":8}},{"start":{"line":487,"column":8},"end":{"line":487,"column":8}}]},"16":{"line":507,"type":"if","locations":[{"start":{"line":507,"column":8},"end":{"line":507,"column":8}},{"start":{"line":507,"column":8},"end":{"line":507,"column":8}}]},"17":{"line":545,"type":"if","locations":[{"start":{"line":545,"column":8},"end":{"line":545,"column":8}},{"start":{"line":545,"column":8},"end":{"line":545,"column":8}}]},"18":{"line":551,"type":"if","locations":[{"start":{"line":551,"column":8},"end":{"line":551,"column":8}},{"start":{"line":551,"column":8},"end":{"line":551,"column":8}}]},"19":{"line":553,"type":"if","locations":[{"start":{"line":553,"column":12},"end":{"line":553,"column":12}},{"start":{"line":553,"column":12},"end":{"line":553,"column":12}}]},"20":{"line":581,"type":"if","locations":[{"start":{"line":581,"column":8},"end":{"line":581,"column":8}},{"start":{"line":581,"column":8},"end":{"line":581,"column":8}}]},"21":{"line":597,"type":"if","locations":[{"start":{"line":597,"column":8},"end":{"line":597,"column":8}},{"start":{"line":597,"column":8},"end":{"line":597,"column":8}}]},"22":{"line":599,"type":"if","locations":[{"start":{"line":599,"column":8},"end":{"line":599,"column":8}},{"start":{"line":599,"column":8},"end":{"line":599,"column":8}}]},"23":{"line":611,"type":"if","locations":[{"start":{"line":611,"column":8},"end":{"line":611,"column":8}},{"start":{"line":611,"column":8},"end":{"line":611,"column":8}}]},"24":{"line":629,"type":"if","locations":[{"start":{"line":629,"column":8},"end":{"line":629,"column":8}},{"start":{"line":629,"column":8},"end":{"line":629,"column":8}}]},"25":{"line":630,"type":"if","locations":[{"start":{"line":630,"column":8},"end":{"line":630,"column":8}},{"start":{"line":630,"column":8},"end":{"line":630,"column":8}}]},"26":{"line":636,"type":"if","locations":[{"start":{"line":636,"column":8},"end":{"line":636,"column":8}},{"start":{"line":636,"column":8},"end":{"line":636,"column":8}}]},"27":{"line":658,"type":"if","locations":[{"start":{"line":658,"column":8},"end":{"line":658,"column":8}},{"start":{"line":658,"column":8},"end":{"line":658,"column":8}}]},"28":{"line":664,"type":"if","locations":[{"start":{"line":664,"column":12},"end":{"line":664,"column":12}},{"start":{"line":664,"column":12},"end":{"line":664,"column":12}}]},"29":{"line":666,"type":"if","locations":[{"start":{"line":666,"column":19},"end":{"line":666,"column":19}},{"start":{"line":666,"column":19},"end":{"line":666,"column":19}}]},"30":{"line":669,"type":"if","locations":[{"start":{"line":669,"column":12},"end":{"line":669,"column":12}},{"start":{"line":669,"column":12},"end":{"line":669,"column":12}}]},"31":{"line":701,"type":"if","locations":[{"start":{"line":701,"column":8},"end":{"line":701,"column":8}},{"start":{"line":701,"column":8},"end":{"line":701,"column":8}}]},"32":{"line":702,"type":"if","locations":[{"start":{"line":702,"column":8},"end":{"line":702,"column":8}},{"start":{"line":702,"column":8},"end":{"line":702,"column":8}}]},"33":{"line":733,"type":"if","locations":[{"start":{"line":733,"column":8},"end":{"line":733,"column":8}},{"start":{"line":733,"column":8},"end":{"line":733,"column":8}}]},"34":{"line":743,"type":"if","locations":[{"start":{"line":743,"column":12},"end":{"line":743,"column":12}},{"start":{"line":743,"column":12},"end":{"line":743,"column":12}}]},"35":{"line":783,"type":"if","locations":[{"start":{"line":783,"column":8},"end":{"line":783,"column":8}},{"start":{"line":783,"column":8},"end":{"line":783,"column":8}}]}}},"src/contracts/StakingStorage.sol":{"l":{},"path":"/Users/jakecooley/Projects/foxy/src/contracts/StakingStorage.sol","s":{},"b":{},"f":{},"fnMap":{},"statementMap":{},"branchMap":{}},"src/contracts/test/CowSwapTest.sol":{"l":{"11":0,"23":0},"path":"/Users/jakecooley/Projects/foxy/src/contracts/test/CowSwapTest.sol","s":{"1":0,"2":0},"b":{},"f":{"1":0,"2":0},"fnMap":{"1":{"name":"constructor","line":9,"loc":{"start":{"line":9,"column":4},"end":{"line":15,"column":4}}},"2":{"name":"preSign","line":21,"loc":{"start":{"line":21,"column":4},"end":{"line":25,"column":4}}}},"statementMap":{"1":{"start":{"line":11,"column":8},"end":{"line":11,"column":315}},"2":{"start":{"line":23,"column":8},"end":{"line":23,"column":843}}},"branchMap":{}},"src/contracts/test/LiquidityReserveUpgradeTest.sol":{"l":{"11":1},"path":"/Users/jakecooley/Projects/foxy/src/contracts/test/LiquidityReserveUpgradeTest.sol","s":{"1":1},"b":{},"f":{"1":1},"fnMap":{"1":{"name":"newFunction","line":10,"loc":{"start":{"line":10,"column":4},"end":{"line":12,"column":4}}}},"statementMap":{"1":{"start":{"line":11,"column":8},"end":{"line":11,"column":24}}},"branchMap":{}},"src/contracts/test/StakingUpgradeTest.sol":{"l":{"11":1,"15":1},"path":"/Users/jakecooley/Projects/foxy/src/contracts/test/StakingUpgradeTest.sol","s":{"1":1,"2":1},"b":{},"f":{"1":1,"2":1},"fnMap":{"1":{"name":"newFunction","line":10,"loc":{"start":{"line":10,"column":4},"end":{"line":12,"column":4}}},"2":{"name":"sendAffiliateFee","line":14,"loc":{"start":{"line":14,"column":4},"end":{"line":16,"column":4}}}},"statementMap":{"1":{"start":{"line":11,"column":8},"end":{"line":11,"column":24}},"2":{"start":{"line":15,"column":8},"end":{"line":15,"column":33}}},"branchMap":{}},"src/contracts/test/YieldyUpgradeTest.sol":{"l":{"8":1},"path":"/Users/jakecooley/Projects/foxy/src/contracts/test/YieldyUpgradeTest.sol","s":{"1":1},"b":{},"f":{"1":1},"fnMap":{"1":{"name":"newFunction","line":7,"loc":{"start":{"line":7,"column":4},"end":{"line":9,"column":4}}}},"statementMap":{"1":{"start":{"line":8,"column":8},"end":{"line":8,"column":22}}},"branchMap":{}},"src/contracts/Vesting.sol":{"l":{"12":401,"16":399,"17":399,"27":39,"31":38},"path":"/Users/jakecooley/Projects/foxy/src/contracts/Vesting.sol","s":{"1":401,"2":399,"3":399,"4":39,"5":38},"b":{"1":[399,2],"2":[38,1]},"f":{"1":401,"2":39},"fnMap":{"1":{"name":"constructor","line":10,"loc":{"start":{"line":10,"column":4},"end":{"line":18,"column":4}}},"2":{"name":"retrieve","line":25,"loc":{"start":{"line":25,"column":4},"end":{"line":32,"column":4}}}},"statementMap":{"1":{"start":{"line":12,"column":8},"end":{"line":12,"column":355}},"2":{"start":{"line":16,"column":8},"end":{"line":16,"column":42}},"3":{"start":{"line":17,"column":8},"end":{"line":17,"column":34}},"4":{"start":{"line":27,"column":8},"end":{"line":27,"column":849}},"5":{"start":{"line":31,"column":8},"end":{"line":31,"column":54}}},"branchMap":{"1":{"line":12,"type":"if","locations":[{"start":{"line":12,"column":8},"end":{"line":12,"column":8}},{"start":{"line":12,"column":8},"end":{"line":12,"column":8}}]},"2":{"line":27,"type":"if","locations":[{"start":{"line":27,"column":8},"end":{"line":27,"column":8}},{"start":{"line":27,"column":8},"end":{"line":27,"column":8}}]}}},"src/contracts/Yieldy.sol":{"l":{"17":42,"18":41,"42":258,"43":258,"44":258,"46":258,"47":258,"49":258,"50":258,"51":258,"52":258,"54":258,"55":258,"56":258,"68":86,"69":85,"71":84,"72":84,"73":84,"81":258,"93":41,"94":41,"96":40,"97":40,"99":40,"100":31,"101":31,"103":9,"104":9,"106":9,"107":0,"110":9,"111":9,"113":9,"128":9,"130":9,"142":9,"143":9,"152":436,"161":411,"170":259,"179":165,"187":51,"201":173,"203":173,"204":173,"206":173,"207":173,"208":173,"209":173,"224":76,"226":76,"227":76,"228":76,"230":76,"231":76,"232":76,"233":76,"235":76,"242":0},"path":"/Users/jakecooley/Projects/foxy/src/contracts/Yieldy.sol","s":{"1":42,"2":258,"3":258,"4":258,"5":258,"6":258,"7":258,"8":258,"9":258,"10":258,"11":258,"12":258,"13":258,"14":86,"15":85,"16":84,"17":84,"18":84,"19":258,"20":41,"21":41,"22":40,"23":40,"24":40,"25":31,"26":31,"27":9,"28":9,"29":9,"30":0,"31":9,"32":9,"33":9,"34":9,"35":9,"36":9,"37":9,"38":436,"39":411,"40":259,"41":165,"42":51,"43":173,"44":173,"45":173,"46":173,"47":173,"48":173,"49":173,"50":76,"51":76,"52":76,"53":76,"54":76,"55":76,"56":76,"57":76,"58":76,"59":0},"b":{"1":[41,1],"2":[85,1],"3":[84,1],"4":[40,1],"5":[31,9],"6":[0,9],"7":[173,0],"8":[173,0],"9":[76,0]},"f":{"1":42,"2":258,"3":86,"4":258,"5":41,"6":9,"7":436,"8":411,"9":259,"10":165,"11":51,"12":173,"13":76,"14":0},"fnMap":{"1":{"name":"onlyStakingContract","line":16,"loc":{"start":{"line":16,"column":4},"end":{"line":19,"column":4}}},"2":{"name":"initialize","line":41,"loc":{"start":{"line":36,"column":4},"end":{"line":57,"column":4}}},"3":{"name":"initializeStakingContract","line":66,"loc":{"start":{"line":64,"column":4},"end":{"line":74,"column":4}}},"4":{"name":"_setIndex","line":80,"loc":{"start":{"line":80,"column":4},"end":{"line":82,"column":4}}},"5":{"name":"rebase","line":91,"loc":{"start":{"line":89,"column":4},"end":{"line":115,"column":4}}},"6":{"name":"_storeRebase","line":123,"loc":{"start":{"line":123,"column":4},"end":{"line":144,"column":4}}},"7":{"name":"balanceOf","line":151,"loc":{"start":{"line":151,"column":4},"end":{"line":153,"column":4}}},"8":{"name":"gonsForBalance","line":160,"loc":{"start":{"line":160,"column":4},"end":{"line":162,"column":4}}},"9":{"name":"balanceForGons","line":169,"loc":{"start":{"line":169,"column":4},"end":{"line":171,"column":4}}},"10":{"name":"circulatingSupply","line":177,"loc":{"start":{"line":177,"column":4},"end":{"line":180,"column":4}}},"11":{"name":"getIndex","line":186,"loc":{"start":{"line":186,"column":4},"end":{"line":188,"column":4}}},"12":{"name":"transfer","line":196,"loc":{"start":{"line":196,"column":4},"end":{"line":210,"column":4}}},"13":{"name":"transferFrom","line":219,"loc":{"start":{"line":219,"column":4},"end":{"line":236,"column":4}}},"14":{"name":"decimals","line":241,"loc":{"start":{"line":241,"column":4},"end":{"line":243,"column":4}}}},"statementMap":{"1":{"start":{"line":17,"column":8},"end":{"line":17,"column":69}},"2":{"start":{"line":42,"column":8},"end":{"line":42,"column":62}},"3":{"start":{"line":43,"column":8},"end":{"line":43,"column":60}},"4":{"start":{"line":44,"column":8},"end":{"line":44,"column":54}},"5":{"start":{"line":46,"column":8},"end":{"line":46,"column":41}},"6":{"start":{"line":47,"column":8},"end":{"line":47,"column":44}},"7":{"start":{"line":49,"column":8},"end":{"line":49,"column":25}},"8":{"start":{"line":50,"column":8},"end":{"line":50,"column":24}},"9":{"start":{"line":51,"column":8},"end":{"line":51,"column":57}},"10":{"start":{"line":52,"column":8},"end":{"line":52,"column":74}},"11":{"start":{"line":54,"column":8},"end":{"line":54,"column":46}},"12":{"start":{"line":55,"column":8},"end":{"line":55,"column":50}},"13":{"start":{"line":56,"column":8},"end":{"line":56,"column":21}},"14":{"start":{"line":68,"column":8},"end":{"line":68,"column":68}},"15":{"start":{"line":69,"column":8},"end":{"line":69,"column":65}},"16":{"start":{"line":71,"column":8},"end":{"line":71,"column":41}},"17":{"start":{"line":72,"column":8},"end":{"line":72,"column":48}},"18":{"start":{"line":73,"column":8},"end":{"line":73,"column":66}},"19":{"start":{"line":81,"column":8},"end":{"line":81,"column":37}},"20":{"start":{"line":93,"column":8},"end":{"line":93,"column":56}},"21":{"start":{"line":94,"column":8},"end":{"line":94,"column":73}},"22":{"start":{"line":96,"column":8},"end":{"line":96,"column":28}},"23":{"start":{"line":97,"column":8},"end":{"line":97,"column":49}},"24":{"start":{"line":99,"column":8},"end":{"line":99,"column":3281}},"25":{"start":{"line":100,"column":12},"end":{"line":100,"column":71}},"26":{"start":{"line":101,"column":12},"end":{"line":101,"column":49}},"27":{"start":{"line":103,"column":12},"end":{"line":103,"column":77}},"28":{"start":{"line":104,"column":12},"end":{"line":104,"column":74}},"29":{"start":{"line":106,"column":12},"end":{"line":106,"column":3615}},"30":{"start":{"line":107,"column":16},"end":{"line":107,"column":46}},"31":{"start":{"line":110,"column":12},"end":{"line":110,"column":60}},"32":{"start":{"line":111,"column":12},"end":{"line":111,"column":44}},"33":{"start":{"line":113,"column":12},"end":{"line":113,"column":60}},"34":{"start":{"line":128,"column":8},"end":{"line":128,"column":70}},"35":{"start":{"line":130,"column":8},"end":{"line":130,"column":4279}},"36":{"start":{"line":142,"column":8},"end":{"line":142,"column":61}},"37":{"start":{"line":143,"column":8},"end":{"line":143,"column":57}},"38":{"start":{"line":152,"column":8},"end":{"line":152,"column":53}},"39":{"start":{"line":161,"column":8},"end":{"line":161,"column":40}},"40":{"start":{"line":170,"column":8},"end":{"line":170,"column":38}},"41":{"start":{"line":179,"column":8},"end":{"line":179,"column":56}},"42":{"start":{"line":187,"column":8},"end":{"line":187,"column":36}},"43":{"start":{"line":201,"column":8},"end":{"line":201,"column":52}},"44":{"start":{"line":203,"column":8},"end":{"line":203,"column":51}},"45":{"start":{"line":204,"column":8},"end":{"line":204,"column":71}},"46":{"start":{"line":206,"column":8},"end":{"line":206,"column":67}},"47":{"start":{"line":207,"column":8},"end":{"line":207,"column":53}},"48":{"start":{"line":208,"column":8},"end":{"line":208,"column":46}},"49":{"start":{"line":209,"column":8},"end":{"line":209,"column":19}},"50":{"start":{"line":224,"column":8},"end":{"line":224,"column":77}},"51":{"start":{"line":226,"column":8},"end":{"line":226,"column":66}},"52":{"start":{"line":227,"column":8},"end":{"line":227,"column":48}},"53":{"start":{"line":228,"column":8},"end":{"line":228,"column":50}},"54":{"start":{"line":230,"column":8},"end":{"line":230,"column":49}},"55":{"start":{"line":231,"column":8},"end":{"line":231,"column":57}},"56":{"start":{"line":232,"column":8},"end":{"line":232,"column":53}},"57":{"start":{"line":233,"column":8},"end":{"line":233,"column":41}},"58":{"start":{"line":235,"column":8},"end":{"line":235,"column":19}},"59":{"start":{"line":242,"column":8},"end":{"line":242,"column":22}}},"branchMap":{"1":{"line":17,"type":"if","locations":[{"start":{"line":17,"column":8},"end":{"line":17,"column":8}},{"start":{"line":17,"column":8},"end":{"line":17,"column":8}}]},"2":{"line":68,"type":"if","locations":[{"start":{"line":68,"column":8},"end":{"line":68,"column":8}},{"start":{"line":68,"column":8},"end":{"line":68,"column":8}}]},"3":{"line":69,"type":"if","locations":[{"start":{"line":69,"column":8},"end":{"line":69,"column":8}},{"start":{"line":69,"column":8},"end":{"line":69,"column":8}}]},"4":{"line":94,"type":"if","locations":[{"start":{"line":94,"column":8},"end":{"line":94,"column":8}},{"start":{"line":94,"column":8},"end":{"line":94,"column":8}}]},"5":{"line":99,"type":"if","locations":[{"start":{"line":99,"column":8},"end":{"line":99,"column":8}},{"start":{"line":99,"column":8},"end":{"line":99,"column":8}}]},"6":{"line":106,"type":"if","locations":[{"start":{"line":106,"column":12},"end":{"line":106,"column":12}},{"start":{"line":106,"column":12},"end":{"line":106,"column":12}}]},"7":{"line":201,"type":"if","locations":[{"start":{"line":201,"column":8},"end":{"line":201,"column":8}},{"start":{"line":201,"column":8},"end":{"line":201,"column":8}}]},"8":{"line":204,"type":"if","locations":[{"start":{"line":204,"column":8},"end":{"line":204,"column":8}},{"start":{"line":204,"column":8},"end":{"line":204,"column":8}}]},"9":{"line":224,"type":"if","locations":[{"start":{"line":224,"column":8},"end":{"line":224,"column":8}},{"start":{"line":224,"column":8},"end":{"line":224,"column":8}}]}}},"src/contracts/YieldyStorage.sol":{"l":{},"path":"/Users/jakecooley/Projects/foxy/src/contracts/YieldyStorage.sol","s":{},"b":{},"f":{},"fnMap":{},"statementMap":{},"branchMap":{}}}